Kotlin/DLNASam/dlnasupport/build/intermediates/manifest_merge_blame_file/debug/manifest-merger-blame-debug-report.txt
1<?xml version="1.0" encoding="utf-8"?>
2<manifest xmlns:android="http://schemas.android.com/apk/res/android"
3    package="com.didi365.dlnasupport"
4    android:versionCode="1"
5    android:versionName="1.0" >
6
7    <uses-sdk
8        android:minSdkVersion="21"
8-->src/main/AndroidManifest.xml
9        android:targetSdkVersion="26" />
9-->src/main/AndroidManifest.xml
10
11    <uses-permission android:name="android.permission.ACCESS_NETWORK_STATE" />
11-->src/main/AndroidManifest.xml:4:5-79
11-->src/main/AndroidManifest.xml:4:22-76
12    <uses-permission android:name="android.permission.ACCESS_WIFI_STATE" />
12-->src/main/AndroidManifest.xml:5:5-76
12-->src/main/AndroidManifest.xml:5:22-73
13    <uses-permission android:name="android.permission.CHANGE_WIFI_MULTICAST_STATE" />
13-->src/main/AndroidManifest.xml:6:5-86
13-->src/main/AndroidManifest.xml:6:22-83
14    <uses-permission android:name="android.permission.CHANGE_WIFI_STATE" />
14-->src/main/AndroidManifest.xml:7:5-76
14-->src/main/AndroidManifest.xml:7:22-73
15    <uses-permission android:name="android.permission.CHANGE_NETWORK_STATE" />
15-->src/main/AndroidManifest.xml:8:5-79
15-->src/main/AndroidManifest.xml:8:22-76
16    <uses-permission android:name="android.permission.MODIFY_AUDIO_SETTINGS" />
16-->src/main/AndroidManifest.xml:9:5-80
16-->src/main/AndroidManifest.xml:9:22-77
17
18    <application>
18-->src/main/AndroidManifest.xml:11:5-22:19
19        <service
19-->src/main/AndroidManifest.xml:13:9-20:19
20            android:name="com.didi365.dlnasupport.service.MediaRenderService"
20-->src/main/AndroidManifest.xml:14:13-55
21            android:enabled="true" >
21-->src/main/AndroidManifest.xml:15:13-35
22            <intent-filter>
22-->src/main/AndroidManifest.xml:16:13-19:29
23                <action android:name="com.didi365.start.engine" />
23-->src/main/AndroidManifest.xml:17:17-67
23-->src/main/AndroidManifest.xml:17:25-64
24                <action android:name="com.didi365.restart.engine" />
24-->src/main/AndroidManifest.xml:18:17-69
24-->src/main/AndroidManifest.xml:18:25-66
25            </intent-filter>
26        </service>
27    </application>
28
29</manifest>